c:\users\ieuser\visual_studio_projects\losovanie\losovanie\debug\vc142.pdb
c:\users\ieuser\visual_studio_projects\losovanie\losovanie\debug\vc142.idb
c:\users\ieuser\visual_studio_projects\losovanie\losovanie\debug\main.obj
c:\users\ieuser\visual_studio_projects\losovanie\losovanie\debug\data.obj
c:\users\ieuser\visual_studio_projects\losovanie\losovanie\debug\zreb.obj
c:\users\ieuser\visual_studio_projects\losovanie\debug\losovanie.pdb
c:\users\ieuser\visual_studio_projects\losovanie\losovanie\debug\losovanie.tlog\cl.command.1.tlog
c:\users\ieuser\visual_studio_projects\losovanie\losovanie\debug\losovanie.tlog\cl.read.1.tlog
c:\users\ieuser\visual_studio_projects\losovanie\losovanie\debug\losovanie.tlog\cl.write.1.tlog
c:\users\ieuser\visual_studio_projects\losovanie\losovanie\debug\losovanie.tlog\link-cvtres.read.1.tlog
c:\users\ieuser\visual_studio_projects\losovanie\losovanie\debug\losovanie.tlog\link-cvtres.write.1.tlog
c:\users\ieuser\visual_studio_projects\losovanie\losovanie\debug\losovanie.tlog\link-rc.read.1.tlog
c:\users\ieuser\visual_studio_projects\losovanie\losovanie\debug\losovanie.tlog\link-rc.write.1.tlog
c:\users\ieuser\visual_studio_projects\losovanie\losovanie\debug\losovanie.tlog\link.3228-cvtres.read.1.tlog
c:\users\ieuser\visual_studio_projects\losovanie\losovanie\debug\losovanie.tlog\link.3228-cvtres.write.1.tlog
c:\users\ieuser\visual_studio_projects\losovanie\losovanie\debug\losovanie.tlog\link.3228-rc.read.1.tlog
c:\users\ieuser\visual_studio_projects\losovanie\losovanie\debug\losovanie.tlog\link.3228-rc.write.1.tlog
c:\users\ieuser\visual_studio_projects\losovanie\losovanie\debug\losovanie.tlog\link.3228.read.1.tlog
c:\users\ieuser\visual_studio_projects\losovanie\losovanie\debug\losovanie.tlog\link.3228.write.1.tlog
c:\users\ieuser\visual_studio_projects\losovanie\losovanie\debug\losovanie.tlog\link.command.1.tlog
c:\users\ieuser\visual_studio_projects\losovanie\losovanie\debug\losovanie.tlog\link.read.1.tlog
c:\users\ieuser\visual_studio_projects\losovanie\losovanie\debug\losovanie.tlog\link.write.1.tlog
